<?xml version="1.0" encoding="UTF-8"?>
<!-- Generated by org.testng.reporters.JUnitXMLReporter -->
<testsuite ignored="0" hostname="DESKTOP-RG6HM4D" failures="1" tests="11" name="Surefire test" time="0.101" errors="0" timestamp="2023-03-31T09:09:02 IST">
  <testcase classname="org.example.AppTest" name="closeUMS" time="0.001"/>
  <testcase classname="org.example.AppTest" name="openHomePage" time="0.001"/>
  <testcase classname="org.example.AppTest" name="openUMS" time="0.001"/>
  <testcase classname="org.example.AppTest" name="clickUMS" time="0.0"/>
  <testcase classname="org.example.AppTest" name="openBrowser" time="0.015">
    <failure type="java.lang.AssertionError" message="expected [2] but found [1]">
      <![CDATA[java.lang.AssertionError: expected [2] but found [1]
at org.example.AppTest.openBrowser(AppTest.java:15)
at java.base/java.util.ArrayList.forEach(ArrayList.java:1511)
... Removed 37 stack frames]]>
    </failure>
  </testcase> <!-- openBrowser -->
  <testcase classname="org.example.Test1" name="fun1" time="0.0"/>
  <testcase classname="org.example.Test1" name="fun2" time="0.0"/>
  <testcase classname="org.example.Test1" name="fun3" time="0.0"/>
  <testcase classname="org.example.Test2" name="fun4" time="0.0"/>
  <testcase classname="org.example.Test2" name="fun5" time="0.0"/>
  <testcase classname="org.example.Test2" name="fun6" time="0.001"/>
</testsuite> <!-- Surefire test -->
